#! /usr/bin/vvp
:ivl_version "11.0 (stable)";
:ivl_delay_selection "TYPICAL";
:vpi_time_precision - 10;
:vpi_module "/usr/lib/x86_64-linux-gnu/ivl/system.vpi";
:vpi_module "/usr/lib/x86_64-linux-gnu/ivl/vhdl_sys.vpi";
:vpi_module "/usr/lib/x86_64-linux-gnu/ivl/vhdl_textio.vpi";
:vpi_module "/usr/lib/x86_64-linux-gnu/ivl/v2005_math.vpi";
:vpi_module "/usr/lib/x86_64-linux-gnu/ivl/va_math.vpi";
S_0x55f62cecd360 .scope module, "testbench" "testbench" 2 2;
 .timescale -9 -10;
v0x55f62ceebf50_0 .var "DATAIN", 7 0;
v0x55f62ceec030_0 .net "DATAOUT", 7 0, v0x55f62ceebb00_0;  1 drivers
v0x55f62ceec100_0 .var "addr_r", 2 0;
v0x55f62ceec200_0 .var "addr_w", 2 0;
v0x55f62ceec2d0_0 .var "clock", 0 0;
v0x55f62ceec3c0_0 .var "read", 0 0;
v0x55f62ceec490_0 .var "write", 0 0;
S_0x55f62cecd4f0 .scope module, "memory" "memory" 2 17, 3 1 0, S_0x55f62cecd360;
 .timescale 0 0;
    .port_info 0 /INPUT 1 "write";
    .port_info 1 /INPUT 1 "read";
    .port_info 2 /INPUT 1 "clock";
    .port_info 3 /OUTPUT 8 "dataout";
    .port_info 4 /INPUT 8 "datain";
    .port_info 5 /INPUT 3 "addr_w";
    .port_info 6 /INPUT 3 "addr_r";
P_0x55f62ce91620 .param/l "ADDR_SIZE" 0 3 5, +C4<00000000000000000000000000000011>;
P_0x55f62ce91660 .param/l "DATA_W" 0 3 3, +C4<00000000000000000000000000001000>;
P_0x55f62ce916a0 .param/l "MEM_SIZE" 0 3 4, +C4<00000000000000000000000000000110>;
v0x55f62ce8fda0_0 .net "addr_r", 2 0, v0x55f62ceec100_0;  1 drivers
v0x55f62ceeb870_0 .net "addr_w", 2 0, v0x55f62ceec200_0;  1 drivers
v0x55f62ceeb950_0 .net "clock", 0 0, v0x55f62ceec2d0_0;  1 drivers
v0x55f62ceeba20_0 .net "datain", 7 0, v0x55f62ceebf50_0;  1 drivers
v0x55f62ceebb00_0 .var "dataout", 7 0;
v0x55f62ceebc30 .array "memory", 0 7, 5 0;
v0x55f62ceebcf0_0 .net "read", 0 0, v0x55f62ceec3c0_0;  1 drivers
v0x55f62ceebdb0_0 .net "write", 0 0, v0x55f62ceec490_0;  1 drivers
E_0x55f62ce907b0 .event posedge, v0x55f62ceeb950_0;
    .scope S_0x55f62cecd4f0;
T_0 ;
    %wait E_0x55f62ce907b0;
    %load/vec4 v0x55f62ceebcf0_0;
    %load/vec4 v0x55f62ceebdb0_0;
    %and;
    %flag_set/vec4 8;
    %jmp/0xz  T_0.0, 8;
    %load/vec4 v0x55f62ce8fda0_0;
    %pad/u 32;
    %cmpi/u 6, 0, 32;
    %jmp/0xz  T_0.2, 5;
    %load/vec4 v0x55f62ce8fda0_0;
    %pad/u 5;
    %ix/vec4 4;
    %load/vec4a v0x55f62ceebc30, 4;
    %pad/u 8;
    %assign/vec4 v0x55f62ceebb00_0, 0;
    %load/vec4 v0x55f62ceeba20_0;
    %pad/u 6;
    %load/vec4 v0x55f62ceeb870_0;
    %pad/u 5;
    %ix/vec4 3;
    %ix/load 4, 0, 0; Constant delay
    %assign/vec4/a/d v0x55f62ceebc30, 0, 4;
    %jmp T_0.3;
T_0.2 ;
    %pushi/vec4 0, 0, 8;
    %assign/vec4 v0x55f62ceebb00_0, 0;
T_0.3 ;
    %jmp T_0.1;
T_0.0 ;
    %load/vec4 v0x55f62ceebcf0_0;
    %flag_set/vec4 8;
    %jmp/0xz  T_0.4, 8;
    %load/vec4 v0x55f62ce8fda0_0;
    %pad/u 32;
    %cmpi/u 6, 0, 32;
    %jmp/0xz  T_0.6, 5;
    %load/vec4 v0x55f62ce8fda0_0;
    %pad/u 5;
    %ix/vec4 4;
    %load/vec4a v0x55f62ceebc30, 4;
    %pad/u 8;
    %assign/vec4 v0x55f62ceebb00_0, 0;
    %jmp T_0.7;
T_0.6 ;
    %pushi/vec4 0, 0, 8;
    %assign/vec4 v0x55f62ceebb00_0, 0;
T_0.7 ;
    %jmp T_0.5;
T_0.4 ;
    %load/vec4 v0x55f62ceebdb0_0;
    %flag_set/vec4 8;
    %jmp/0xz  T_0.8, 8;
    %load/vec4 v0x55f62ceeb870_0;
    %pad/u 32;
    %cmpi/u 6, 0, 32;
    %jmp/0xz  T_0.10, 5;
    %load/vec4 v0x55f62ceeba20_0;
    %pad/u 6;
    %load/vec4 v0x55f62ceeb870_0;
    %pad/u 5;
    %ix/vec4 3;
    %ix/load 4, 0, 0; Constant delay
    %assign/vec4/a/d v0x55f62ceebc30, 0, 4;
T_0.10 ;
T_0.8 ;
T_0.5 ;
T_0.1 ;
    %jmp T_0;
    .thread T_0;
    .scope S_0x55f62cecd360;
T_1 ;
    %pushi/vec4 1, 0, 1;
    %store/vec4 v0x55f62ceec2d0_0, 0, 1;
    %end;
    .thread T_1;
    .scope S_0x55f62cecd360;
T_2 ;
    %delay 50, 0;
    %load/vec4 v0x55f62ceec2d0_0;
    %inv;
    %store/vec4 v0x55f62ceec2d0_0, 0, 1;
    %jmp T_2;
    .thread T_2;
    .scope S_0x55f62cecd360;
T_3 ;
    %vpi_call 2 20 "$dumpfile", "dump.vcd" {0 0 0};
    %vpi_call 2 20 "$dumpvars" {0 0 0};
    %end;
    .thread T_3;
    .scope S_0x55f62cecd360;
T_4 ;
    %delay 100, 0;
    %pushi/vec4 1, 0, 1;
    %store/vec4 v0x55f62ceec490_0, 0, 1;
    %pushi/vec4 0, 0, 1;
    %store/vec4 v0x55f62ceec3c0_0, 0, 1;
    %delay 200, 0;
    %pushi/vec4 0, 0, 3;
    %store/vec4 v0x55f62ceec200_0, 0, 3;
    %pushi/vec4 0, 0, 8;
    %store/vec4 v0x55f62ceebf50_0, 0, 8;
    %delay 100, 0;
    %pushi/vec4 5, 0, 3;
    %store/vec4 v0x55f62ceec200_0, 0, 3;
    %pushi/vec4 5, 0, 8;
    %store/vec4 v0x55f62ceebf50_0, 0, 8;
    %delay 200, 0;
    %pushi/vec4 5, 0, 3;
    %store/vec4 v0x55f62ceec200_0, 0, 3;
    %pushi/vec4 5, 0, 3;
    %store/vec4 v0x55f62ceec100_0, 0, 3;
    %pushi/vec4 8, 0, 8;
    %store/vec4 v0x55f62ceebf50_0, 0, 8;
    %delay 100, 0;
    %pushi/vec4 0, 0, 3;
    %store/vec4 v0x55f62ceec100_0, 0, 3;
    %delay 100, 0;
    %pushi/vec4 1, 0, 1;
    %store/vec4 v0x55f62ceec490_0, 0, 1;
    %pushi/vec4 1, 0, 1;
    %store/vec4 v0x55f62ceec3c0_0, 0, 1;
    %delay 100, 0;
    %pushi/vec4 7, 0, 3;
    %store/vec4 v0x55f62ceec200_0, 0, 3;
    %pushi/vec4 4, 0, 8;
    %store/vec4 v0x55f62ceebf50_0, 0, 8;
    %delay 200, 0;
    %pushi/vec4 5, 0, 3;
    %store/vec4 v0x55f62ceec200_0, 0, 3;
    %pushi/vec4 5, 0, 3;
    %store/vec4 v0x55f62ceec100_0, 0, 3;
    %pushi/vec4 8, 0, 8;
    %store/vec4 v0x55f62ceebf50_0, 0, 8;
    %delay 100, 0;
    %pushi/vec4 4, 0, 3;
    %store/vec4 v0x55f62ceec200_0, 0, 3;
    %pushi/vec4 0, 0, 3;
    %store/vec4 v0x55f62ceec100_0, 0, 3;
    %pushi/vec4 16, 0, 8;
    %store/vec4 v0x55f62ceebf50_0, 0, 8;
    %delay 100, 0;
    %pushi/vec4 1, 0, 1;
    %store/vec4 v0x55f62ceec490_0, 0, 1;
    %pushi/vec4 0, 0, 1;
    %store/vec4 v0x55f62ceec3c0_0, 0, 1;
    %delay 200, 0;
    %pushi/vec4 3, 0, 3;
    %store/vec4 v0x55f62ceec200_0, 0, 3;
    %pushi/vec4 64, 0, 8;
    %store/vec4 v0x55f62ceebf50_0, 0, 8;
    %delay 100, 0;
    %pushi/vec4 1, 0, 3;
    %store/vec4 v0x55f62ceec200_0, 0, 3;
    %pushi/vec4 112, 0, 8;
    %store/vec4 v0x55f62ceebf50_0, 0, 8;
    %delay 100, 0;
    %pushi/vec4 2, 0, 3;
    %store/vec4 v0x55f62ceec200_0, 0, 3;
    %pushi/vec4 4, 0, 8;
    %store/vec4 v0x55f62ceebf50_0, 0, 8;
    %delay 100, 0;
    %pushi/vec4 0, 0, 1;
    %store/vec4 v0x55f62ceec490_0, 0, 1;
    %pushi/vec4 0, 0, 1;
    %store/vec4 v0x55f62ceec3c0_0, 0, 1;
    %delay 200, 0;
    %pushi/vec4 3, 0, 3;
    %store/vec4 v0x55f62ceec200_0, 0, 3;
    %pushi/vec4 64, 0, 8;
    %store/vec4 v0x55f62ceebf50_0, 0, 8;
    %delay 100, 0;
    %pushi/vec4 1, 0, 3;
    %store/vec4 v0x55f62ceec200_0, 0, 3;
    %pushi/vec4 112, 0, 8;
    %store/vec4 v0x55f62ceebf50_0, 0, 8;
    %delay 100, 0;
    %pushi/vec4 2, 0, 3;
    %store/vec4 v0x55f62ceec200_0, 0, 3;
    %pushi/vec4 4, 0, 8;
    %store/vec4 v0x55f62ceebf50_0, 0, 8;
    %pushi/vec4 0, 0, 1;
    %store/vec4 v0x55f62ceec490_0, 0, 1;
    %pushi/vec4 1, 0, 1;
    %store/vec4 v0x55f62ceec3c0_0, 0, 1;
    %delay 200, 0;
    %pushi/vec4 0, 0, 3;
    %store/vec4 v0x55f62ceec100_0, 0, 3;
    %delay 100, 0;
    %pushi/vec4 5, 0, 3;
    %store/vec4 v0x55f62ceec100_0, 0, 3;
    %delay 100, 0;
    %pushi/vec4 2, 0, 3;
    %store/vec4 v0x55f62ceec100_0, 0, 3;
    %delay 100, 0;
    %pushi/vec4 4, 0, 3;
    %store/vec4 v0x55f62ceec100_0, 0, 3;
    %delay 100, 0;
    %pushi/vec4 1, 0, 3;
    %store/vec4 v0x55f62ceec100_0, 0, 3;
    %delay 100, 0;
    %pushi/vec4 3, 0, 3;
    %store/vec4 v0x55f62ceec100_0, 0, 3;
    %delay 100, 0;
    %pushi/vec4 7, 0, 3;
    %store/vec4 v0x55f62ceec100_0, 0, 3;
    %delay 100, 0;
    %vpi_call 2 53 "$finish" {0 0 0};
    %end;
    .thread T_4;
# The file index is used to find the file name in the following table.
:file_names 4;
    "N/A";
    "<interactive>";
    "test.v";
    "memory.v";
